2021-06-10 18:40:07,699 INFO o.a.j.u.JMeterUtils: Setting Locale to en_EN
2021-06-10 18:40:07,814 INFO o.a.j.JMeter: Loading user properties from: /opt/apache-jmeter-5.4.1/bin/user.properties
2021-06-10 18:40:07,816 INFO o.a.j.JMeter: Loading system properties from: /opt/apache-jmeter-5.4.1/bin/system.properties
2021-06-10 18:40:07,837 INFO o.a.j.JMeter: Copyright (c) 1998-2021 The Apache Software Foundation
2021-06-10 18:40:07,838 INFO o.a.j.JMeter: Version 5.4.1
2021-06-10 18:40:07,838 INFO o.a.j.JMeter: java.version=1.8.0_282
2021-06-10 18:40:07,838 INFO o.a.j.JMeter: java.vm.name=OpenJDK 64-Bit Server VM
2021-06-10 18:40:07,838 INFO o.a.j.JMeter: os.name=Mac OS X
2021-06-10 18:40:07,838 INFO o.a.j.JMeter: os.arch=x86_64
2021-06-10 18:40:07,838 INFO o.a.j.JMeter: os.version=10.16
2021-06-10 18:40:07,838 INFO o.a.j.JMeter: file.encoding=UTF-8
2021-06-10 18:40:07,838 INFO o.a.j.JMeter: java.awt.headless=null
2021-06-10 18:40:07,839 INFO o.a.j.JMeter: Max memory     =1073741824
2021-06-10 18:40:07,839 INFO o.a.j.JMeter: Available Processors =8
2021-06-10 18:40:07,844 INFO o.a.j.JMeter: Default Locale=English (EN)
2021-06-10 18:40:07,845 INFO o.a.j.JMeter: JMeter  Locale=English (EN)
2021-06-10 18:40:07,845 INFO o.a.j.JMeter: JMeterHome=/opt/apache-jmeter-5.4.1
2021-06-10 18:40:07,845 INFO o.a.j.JMeter: user.dir  =/Users/dominik/Repos/technologie-obiektowe
2021-06-10 18:40:07,846 INFO o.a.j.JMeter: PWD       =/Users/dominik/Repos/technologie-obiektowe
2021-06-10 18:40:07,863 INFO o.a.j.JMeter: IP: 192.168.1.39 Name: macbook-dominik FullName: macbook-dominik.home
2021-06-10 18:40:08,574 INFO o.a.j.JMeter: Setting LAF to: com.github.weisj.darklaf.DarkLaf:com.github.weisj.darklaf.theme.DarculaTheme
2021-06-10 18:40:10,183 INFO o.a.j.JMeter: Loaded icon properties from org/apache/jmeter/images/icon.properties
2021-06-10 18:40:23,502 INFO o.a.j.s.FileServer: Default base='/Users/dominik/Repos/technologie-obiektowe'
2021-06-10 18:40:23,508 INFO o.a.j.g.a.Load: Loading file: /opt/apache-jmeter-5.4.1/bin/templates/mybatis_test.jmx
2021-06-10 18:40:23,508 INFO o.a.j.s.FileServer: Set new base='/opt/apache-jmeter-5.4.1/bin/templates'
2021-06-10 18:40:23,689 INFO o.a.j.s.SaveService: Testplan (JMX) version: 2.2. Testlog (JTL) version: 2.2
2021-06-10 18:40:23,981 INFO o.a.j.s.SaveService: Using SaveService properties file encoding UTF-8
2021-06-10 18:40:23,982 INFO o.a.j.s.SaveService: Using SaveService properties version 5.0
2021-06-10 18:40:23,990 INFO o.a.j.s.SaveService: Loading file: /opt/apache-jmeter-5.4.1/bin/templates/mybatis_test.jmx
2021-06-10 18:40:24,038 INFO o.a.j.p.h.s.HTTPSamplerBase: Parser for text/html is org.apache.jmeter.protocol.http.parser.LagartoBasedHtmlParser
2021-06-10 18:40:24,038 INFO o.a.j.p.h.s.HTTPSamplerBase: Parser for application/xhtml+xml is org.apache.jmeter.protocol.http.parser.LagartoBasedHtmlParser
2021-06-10 18:40:24,038 INFO o.a.j.p.h.s.HTTPSamplerBase: Parser for application/xml is org.apache.jmeter.protocol.http.parser.LagartoBasedHtmlParser
2021-06-10 18:40:24,038 INFO o.a.j.p.h.s.HTTPSamplerBase: Parser for text/xml is org.apache.jmeter.protocol.http.parser.LagartoBasedHtmlParser
2021-06-10 18:40:24,038 INFO o.a.j.p.h.s.HTTPSamplerBase: Parser for text/vnd.wap.wml is org.apache.jmeter.protocol.http.parser.RegexpHTMLParser
2021-06-10 18:40:24,038 INFO o.a.j.p.h.s.HTTPSamplerBase: Parser for text/css is org.apache.jmeter.protocol.http.parser.CssParser
2021-06-10 18:40:24,519 INFO o.a.j.s.SampleResult: Note: Sample TimeStamps are START times
2021-06-10 18:40:24,519 INFO o.a.j.s.SampleResult: sampleresult.default.encoding is set to ISO-8859-1
2021-06-10 18:40:24,520 INFO o.a.j.s.SampleResult: sampleresult.useNanoTime=true
2021-06-10 18:40:24,520 INFO o.a.j.s.SampleResult: sampleresult.nanoThreadSleep=5000
2021-06-10 18:40:24,663 INFO o.a.j.v.ViewResultsFullVisualizer: Add JavaFX to your Java installation if you want to use renderer: org.apache.jmeter.visualizers.RenderInBrowser
2021-06-10 18:40:25,084 INFO o.a.j.s.FileServer: Set new base='/opt/apache-jmeter-5.4.1/bin/templates'
